# JRE version: OpenJDK Runtime Environment Microsoft-14941484 (21.0.12.1+1) (build 21.0.12.1+1-LTS)
# Java VM: OpenJDK 64-Bit Server VM Microsoft-14941484 (21.0.12.1+1-LTS, mixed mode, sharing, tiered, compressed oops, compressed class ptrs, g1 gc, windows-amd64)
GC Precious Log:
 CardTable entry size: 512
 Card Set container configuration: InlinePtr #cards 5 size 8 Array Of Cards #cards 12 size 40 Howl #buckets 4 coarsen threshold 1843 Howl Bitmap #cards 512 size 80 coarsen threshold 460 Card regions per heap region 1 cards per card region 2048
 CPUs: 4 total, 4 available
 Memory: 8103M
 Large Page Support: Disabled
 NUMA Support: Disabled
 Compressed Oops: Enabled (32-bit)
 Heap Region Size: 1M
 Heap Min Capacity: 8M
 Heap Initial Capacity: 128M
 Heap Max Capacity: 2G
 Pre-touch: Disabled
 Parallel Workers: 4
 Concurrent Workers: 1
 Concurrent Refinement Workers: 4
 Periodic GC: Disabled
Heap:
 garbage-first heap   total 90112K, used 55566K [0x0000000080000000, 0x0000000100000000)
  region size 1024K, 8 young (8192K), 3 survivors (3072K)
 Metaspace       used 32048K, committed 33280K, reserved 1114112K
  class space    used 4886K, committed 5440K, reserved 1048576K
GC Heap History (16 events):
Event: 0.380 GC heap before
{Heap before GC invocations=0 (full 0):
 garbage-first heap   total 131072K, used 13312K [0x0000000080000000, 0x0000000100000000)
  region size 1024K, 13 young (13312K), 0 survivors (0K)
 Metaspace       used 1007K, committed 1152K, reserved 1114112K
  class space    used 83K, committed 128K, reserved 1048576K
}
Event: 0.384 GC heap after
{Heap after GC invocations=1 (full 0):
 garbage-first heap   total 131072K, used 2688K [0x0000000080000000, 0x0000000100000000)
  region size 1024K, 2 young (2048K), 2 survivors (2048K)
 Metaspace       used 1007K, committed 1152K, reserved 1114112K
  class space    used 83K, committed 128K, reserved 1048576K
}
Event: 0.898 GC heap before
{Heap before GC invocations=1 (full 0):
 garbage-first heap   total 131072K, used 27264K [0x0000000080000000, 0x0000000100000000)
  region size 1024K, 23 young (23552K), 2 survivors (2048K)
 Metaspace       used 4115K, committed 4352K, reserved 1114112K
  class space    used 512K, committed 640K, reserved 1048576K
}
Event: 0.903 GC heap after
{Heap after GC invocations=2 (full 0):
 garbage-first heap   total 131072K, used 10796K [0x0000000080000000, 0x0000000100000000)
  region size 1024K, 3 young (3072K), 3 survivors (3072K)
 Metaspace       used 4115K, committed 4352K, reserved 1114112K
  class space    used 512K, committed 640K, reserved 1048576K
}
Event: 1.244 GC heap before
{Heap before GC invocations=2 (full 0):
 garbage-first heap   total 131072K, used 36396K [0x0000000080000000, 0x0000000100000000)
  region size 1024K, 28 young (28672K), 3 survivors (3072K)
 Metaspace       used 4238K, committed 4480K, reserved 1114112K
  class space    used 515K, committed 640K, reserved 1048576K
}
Event: 1.248 GC heap after
{Heap after GC invocations=3 (full 0):
 garbage-first heap   total 131072K, used 14908K [0x0000000080000000, 0x0000000100000000)
  region size 1024K, 4 young (4096K), 4 survivors (4096K)
 Metaspace       used 4238K, committed 4480K, reserved 1114112K
  class space    used 515K, committed 640K, reserved 1048576K
}
Event: 2.793 GC heap before
{Heap before GC invocations=3 (full 0):
 garbage-first heap   total 131072K, used 87612K [0x0000000080000000, 0x0000000100000000)
  region size 1024K, 76 young (77824K), 4 survivors (4096K)
 Metaspace       used 18153K, committed 18688K, reserved 1114112K
  class space    used 2568K, committed 2816K, reserved 1048576K
}
Event: 2.802 GC heap after
{Heap after GC invocations=4 (full 0):
 garbage-first heap   total 131072K, used 21274K [0x0000000080000000, 0x0000000100000000)
  region size 1024K, 10 young (10240K), 10 survivors (10240K)
 Metaspace       used 18153K, committed 18688K, reserved 1114112K
  class space    used 2568K, committed 2816K, reserved 1048576K
}
Event: 3.388 GC heap before
{Heap before GC invocations=4 (full 0):
 garbage-first heap   total 131072K, used 40730K [0x0000000080000000, 0x0000000100000000)
  region size 1024K, 30 young (30720K), 10 survivors (10240K)
 Metaspace       used 20892K, committed 21504K, reserved 1114112K
  class space    used 3027K, committed 3328K, reserved 1048576K
}
Event: 3.401 GC heap after
{Heap after GC invocations=5 (full 0):
 garbage-first heap   total 131072K, used 23229K [0x0000000080000000, 0x0000000100000000)
  region size 1024K, 2 young (2048K), 2 survivors (2048K)
 Metaspace       used 20892K, committed 21504K, reserved 1114112K
  class space    used 3027K, committed 3328K, reserved 1048576K
}
Event: 4.361 GC heap before
{Heap before GC invocations=6 (full 0):
 garbage-first heap   total 78848K, used 77501K [0x0000000080000000, 0x0000000100000000)
  region size 1024K, 40 young (40960K), 2 survivors (2048K)
 Metaspace       used 25036K, committed 25920K, reserved 1114112K
  class space    used 3744K, committed 4160K, reserved 1048576K
}
Event: 4.367 GC heap after
{Heap after GC invocations=7 (full 0):
 garbage-first heap   total 90112K, used 48701K [0x0000000080000000, 0x0000000100000000)
  region size 1024K, 6 young (6144K), 6 survivors (6144K)
 Metaspace       used 25036K, committed 25920K, reserved 1114112K
  class space    used 3744K, committed 4160K, reserved 1048576K
}
Event: 4.736 GC heap before
{Heap before GC invocations=7 (full 0):
 garbage-first heap   total 90112K, used 73277K [0x0000000080000000, 0x0000000100000000)
  region size 1024K, 30 young (30720K), 6 survivors (6144K)
 Metaspace       used 27858K, committed 28864K, reserved 1114112K
  class space    used 4210K, committed 4672K, reserved 1048576K
}
Event: 4.740 GC heap after
{Heap after GC invocations=8 (full 0):
 garbage-first heap   total 90112K, used 49986K [0x0000000080000000, 0x0000000100000000)
  region size 1024K, 2 young (2048K), 2 survivors (2048K)
 Metaspace       used 27858K, committed 28864K, reserved 1114112K
  class space    used 4210K, committed 4672K, reserved 1048576K
}
Event: 5.257 GC heap before
{Heap before GC invocations=8 (full 0):
 garbage-first heap   total 90112K, used 75586K [0x0000000080000000, 0x0000000100000000)
  region size 1024K, 27 young (27648K), 2 survivors (2048K)
 Metaspace       used 31340K, committed 32576K, reserved 1114112K
  class space    used 4781K, committed 5376K, reserved 1048576K
}
Event: 5.262 GC heap after
{Heap after GC invocations=9 (full 0):
 garbage-first heap   total 90112K, used 51470K [0x0000000080000000, 0x0000000100000000)
  region size 1024K, 3 young (3072K), 3 survivors (3072K)
 Metaspace       used 31340K, committed 32576K, reserved 1114112K
  class space    used 4781K, committed 5376K, reserved 1048576K
}

